<?xml version="1.0" encoding="utf-8"?>
<TestRun id="b9493a6c-b2bb-4795-aa07-a4029f121a31" name="arleth@MSI 2025-09-25 21:57:30" runUser="MSI\arleth" xmlns="http://microsoft.com/schemas/VisualStudio/TeamTest/2010">
  <Times creation="2025-09-25T21:57:30.0142488-06:00" queuing="2025-09-25T21:57:30.0142490-06:00" start="2025-09-25T21:57:29.0474143-06:00" finish="2025-09-25T21:57:30.0186139-06:00" />
  <TestSettings name="default" id="0a3b7618-c441-4cb2-8e86-e8a08522efbe">
    <Deployment runDeploymentRoot="arleth_MSI_2025-09-25_21_57_30" />
  </TestSettings>
  <Results>
    <UnitTestResult executionId="854bf815-a28d-4db0-854c-6e1a0c76c32c" testId="250dc52d-0185-65c5-acc4-a9e29e5c1639" testName="TestMethod1" computerName="MSI" duration="00:00:00.0020852" startTime="2025-09-25T21:57:29.7593524-06:00" endTime="2025-09-25T21:57:29.7773225-06:00" testType="13cdc9d9-ddb5-4fa4-a97d-d965ccfc6d4b" outcome="Passed" testListId="8c84fa94-04c1-424b-9868-57a2d4851a1d" relativeResultsDirectory="854bf815-a28d-4db0-854c-6e1a0c76c32c" />
  </Results>
  <TestDefinitions>
    <UnitTest name="TestMethod1" storage="c:\users\arleth\desktop\ctpatchecklists\integrationtests\bin\release\net8.0\integrationtests.dll" id="250dc52d-0185-65c5-acc4-a9e29e5c1639">
      <Execution id="854bf815-a28d-4db0-854c-6e1a0c76c32c" />
      <TestMethod codeBase="C:\Users\arleth\Desktop\CTPATChecklists\IntegrationTests\bin\Release\net8.0\IntegrationTests.dll" adapterTypeName="executor://mstestadapter/v2" className="IntegrationTests.Test1" name="TestMethod1" />
    </UnitTest>
  </TestDefinitions>
  <TestEntries>
    <TestEntry testId="250dc52d-0185-65c5-acc4-a9e29e5c1639" executionId="854bf815-a28d-4db0-854c-6e1a0c76c32c" testListId="8c84fa94-04c1-424b-9868-57a2d4851a1d" />
  </TestEntries>
  <TestLists>
    <TestList name="Results Not in a List" id="8c84fa94-04c1-424b-9868-57a2d4851a1d" />
    <TestList name="All Loaded Results" id="19431567-8539-422a-85d7-44ee4e166bda" />
  </TestLists>
  <ResultSummary outcome="Completed">
    <Counters total="1" executed="1" passed="1" failed="0" error="0" timeout="0" aborted="0" inconclusive="0" passedButRunAborted="0" notRunnable="0" notExecuted="0" disconnected="0" warning="0" completed="0" inProgress="0" pending="0" />
    <Output>
      <StdOut>Test Parallelization enabled for C:\Users\arleth\Desktop\CTPATChecklists\IntegrationTests\bin\Release\net8.0\IntegrationTests.dll (Workers: 16, Scope: MethodLevel)&#xD;
</StdOut>
    </Output>
    <CollectorDataEntries>
      <Collector agentName="MSI" uri="datacollector://microsoft/CoverletCodeCoverage/1.0" collectorDisplayName="XPlat code coverage">
        <UriAttachments>
          <UriAttachment>
            <A href="MSI\coverage.cobertura.xml"></A>
          </UriAttachment>
        </UriAttachments>
      </Collector>
    </CollectorDataEntries>
  </ResultSummary>
</TestRun>