<?xml version="1.0" encoding="utf-8"?>
<TestRun id="83392d61-83ee-49cd-99b1-1332c31d8b89" name="arleth@MSI 2025-09-25 21:57:16" runUser="MSI\arleth" xmlns="http://microsoft.com/schemas/VisualStudio/TeamTest/2010">
  <Times creation="2025-09-25T21:57:16.6336935-06:00" queuing="2025-09-25T21:57:16.6336937-06:00" start="2025-09-25T21:57:12.7528841-06:00" finish="2025-09-25T21:57:16.6379137-06:00" />
  <TestSettings name="default" id="e8e5bed6-10f3-43f6-8fc0-05884c024e50">
    <Deployment runDeploymentRoot="arleth_MSI_2025-09-25_21_57_16" />
  </TestSettings>
  <Results>
    <UnitTestResult executionId="d3507cbc-1aa7-4425-a53a-5402d9d58d15" testId="367a171c-a365-4c28-dce7-d9cdbee885e3" testName="TestMethod1" computerName="MSI" duration="00:00:00.0025828" startTime="2025-09-25T21:57:16.2923051-06:00" endTime="2025-09-25T21:57:16.3129132-06:00" testType="13cdc9d9-ddb5-4fa4-a97d-d965ccfc6d4b" outcome="Passed" testListId="8c84fa94-04c1-424b-9868-57a2d4851a1d" relativeResultsDirectory="d3507cbc-1aa7-4425-a53a-5402d9d58d15" />
  </Results>
  <TestDefinitions>
    <UnitTest name="TestMethod1" storage="c:\users\arleth\desktop\ctpatchecklists\ctpatchecklists.integrationtests\bin\release\net8.0\ctpatchecklists.integrationtests.dll" id="367a171c-a365-4c28-dce7-d9cdbee885e3">
      <Execution id="d3507cbc-1aa7-4425-a53a-5402d9d58d15" />
      <TestMethod codeBase="C:\Users\arleth\Desktop\CTPATChecklists\CTPATChecklists.IntegrationTests\bin\Release\net8.0\CTPATChecklists.IntegrationTests.dll" adapterTypeName="executor://mstestadapter/v2" className="CTPATChecklists.IntegrationTests.Test1" name="TestMethod1" />
    </UnitTest>
  </TestDefinitions>
  <TestEntries>
    <TestEntry testId="367a171c-a365-4c28-dce7-d9cdbee885e3" executionId="d3507cbc-1aa7-4425-a53a-5402d9d58d15" testListId="8c84fa94-04c1-424b-9868-57a2d4851a1d" />
  </TestEntries>
  <TestLists>
    <TestList name="Results Not in a List" id="8c84fa94-04c1-424b-9868-57a2d4851a1d" />
    <TestList name="All Loaded Results" id="19431567-8539-422a-85d7-44ee4e166bda" />
  </TestLists>
  <ResultSummary outcome="Completed">
    <Counters total="1" executed="1" passed="1" failed="0" error="0" timeout="0" aborted="0" inconclusive="0" passedButRunAborted="0" notRunnable="0" notExecuted="0" disconnected="0" warning="0" completed="0" inProgress="0" pending="0" />
    <Output>
      <StdOut>Test Parallelization enabled for C:\Users\arleth\Desktop\CTPATChecklists\CTPATChecklists.IntegrationTests\bin\Release\net8.0\CTPATChecklists.IntegrationTests.dll (Workers: 16, Scope: MethodLevel)&#xD;
</StdOut>
    </Output>
    <CollectorDataEntries>
      <Collector agentName="MSI" uri="datacollector://microsoft/CoverletCodeCoverage/1.0" collectorDisplayName="XPlat code coverage">
        <UriAttachments>
          <UriAttachment>
            <A href="MSI\coverage.cobertura.xml"></A>
          </UriAttachment>
        </UriAttachments>
      </Collector>
    </CollectorDataEntries>
  </ResultSummary>
</TestRun>