<?xml version="1.0" encoding="utf-8"?>
<TestRun id="e7859959-17b3-412f-9b3b-d36b5202181b" name="arleth@MSI 2025-09-25 23:52:04" runUser="MSI\arleth" xmlns="http://microsoft.com/schemas/VisualStudio/TeamTest/2010">
  <Times creation="2025-09-25T23:52:04.6284473-06:00" queuing="2025-09-25T23:52:04.6284474-06:00" start="2025-09-25T23:52:00.2347928-06:00" finish="2025-09-25T23:52:04.6380798-06:00" />
  <TestSettings name="default" id="bb6e95e4-38ea-458e-83de-cc71b7365306">
    <Deployment runDeploymentRoot="arleth_MSI_2025-09-25_23_52_04" />
  </TestSettings>
  <Results>
    <UnitTestResult executionId="424e28b1-4ad5-47ce-b75d-5094bf9365ef" testId="be5b45e0-fab4-f41b-24f3-549f4fedd20d" testName="Regla_Completitud_17_Puntos_ConCumple_NoNull" computerName="MSI" duration="00:00:00.4699606" startTime="2025-09-25T23:52:03.7771840-06:00" endTime="2025-09-25T23:52:04.2718048-06:00" testType="13cdc9d9-ddb5-4fa4-a97d-d965ccfc6d4b" outcome="Passed" testListId="8c84fa94-04c1-424b-9868-57a2d4851a1d" relativeResultsDirectory="424e28b1-4ad5-47ce-b75d-5094bf9365ef" />
    <UnitTestResult executionId="066f5434-1ead-4098-b13c-53c9ec62b093" testId="2e234688-b64f-bed3-d687-e3f9b97c832a" testName="Descripcion_EsRequerida_SiEsNullODefault_DebeFallarValidacion" computerName="MSI" duration="00:00:00.4724971" startTime="2025-09-25T23:52:03.7767387-06:00" endTime="2025-09-25T23:52:04.2718305-06:00" testType="13cdc9d9-ddb5-4fa4-a97d-d965ccfc6d4b" outcome="Passed" testListId="8c84fa94-04c1-424b-9868-57a2d4851a1d" relativeResultsDirectory="066f5434-1ead-4098-b13c-53c9ec62b093" />
    <UnitTestResult executionId="ec222d09-01ad-4975-a31c-a4ae65359169" testId="2f59a9aa-f95e-88d2-e6bc-2876a9341ead" testName="FotoRuta_MaxLength_300" computerName="MSI" duration="00:00:00.4725325" startTime="2025-09-25T23:52:03.7764170-06:00" endTime="2025-09-25T23:52:04.2718049-06:00" testType="13cdc9d9-ddb5-4fa4-a97d-d965ccfc6d4b" outcome="Passed" testListId="8c84fa94-04c1-424b-9868-57a2d4851a1d" relativeResultsDirectory="ec222d09-01ad-4975-a31c-a4ae65359169" />
    <UnitTestResult executionId="9939845b-4de7-4fa8-969b-0b1422f45e41" testId="01e477a6-ad27-c956-9064-e938a8748f1e" testName="Observaciones_MaxLength_250" computerName="MSI" duration="00:00:00.4725072" startTime="2025-09-25T23:52:03.7749938-06:00" endTime="2025-09-25T23:52:04.2718060-06:00" testType="13cdc9d9-ddb5-4fa4-a97d-d965ccfc6d4b" outcome="Passed" testListId="8c84fa94-04c1-424b-9868-57a2d4851a1d" relativeResultsDirectory="9939845b-4de7-4fa8-969b-0b1422f45e41" />
    <UnitTestResult executionId="5a2a9d82-c44c-4a89-9498-d44cbb822220" testId="c73b821c-b372-534c-da34-e85816da6ddc" testName="Cumple_EsRequerido_SiEsNull_DebeFallarValidacion" computerName="MSI" duration="00:00:00.4722689" startTime="2025-09-25T23:52:03.7760573-06:00" endTime="2025-09-25T23:52:04.2718189-06:00" testType="13cdc9d9-ddb5-4fa4-a97d-d965ccfc6d4b" outcome="Passed" testListId="8c84fa94-04c1-424b-9868-57a2d4851a1d" relativeResultsDirectory="5a2a9d82-c44c-4a89-9498-d44cbb822220" />
    <UnitTestResult executionId="f771f84f-dc4b-4c97-bfb3-98dca71057ea" testId="1c5cb947-e230-6fd8-7bfd-8ed47e003ccf" testName="Debe_Tener_17_Puntos" computerName="MSI" duration="00:00:00.4699864" startTime="2025-09-25T23:52:03.7756600-06:00" endTime="2025-09-25T23:52:04.2718049-06:00" testType="13cdc9d9-ddb5-4fa4-a97d-d965ccfc6d4b" outcome="Passed" testListId="8c84fa94-04c1-424b-9868-57a2d4851a1d" relativeResultsDirectory="f771f84f-dc4b-4c97-bfb3-98dca71057ea" />
  </Results>
  <TestDefinitions>
    <UnitTest name="FotoRuta_MaxLength_300" storage="c:\users\arleth\desktop\ctpatchecklists\ctpatchecklists.unittests\bin\release\net8.0\ctpatchecklists.unittests.dll" id="2f59a9aa-f95e-88d2-e6bc-2876a9341ead">
      <TestCategory>
        <TestCategoryItem TestCategory="Checklist" />
      </TestCategory>
      <Execution id="ec222d09-01ad-4975-a31c-a4ae65359169" />
      <TestMethod codeBase="C:\Users\arleth\Desktop\CTPATChecklists\CTPATChecklists.UnitTests\bin\Release\net8.0\CTPATChecklists.UnitTests.dll" adapterTypeName="executor://mstestadapter/v2" className="CTPATChecklists.UnitTests.PuntoChecklistTests" name="FotoRuta_MaxLength_300" />
    </UnitTest>
    <UnitTest name="Regla_Completitud_17_Puntos_ConCumple_NoNull" storage="c:\users\arleth\desktop\ctpatchecklists\ctpatchecklists.unittests\bin\release\net8.0\ctpatchecklists.unittests.dll" id="be5b45e0-fab4-f41b-24f3-549f4fedd20d">
      <TestCategory>
        <TestCategoryItem TestCategory="Checklist" />
      </TestCategory>
      <Execution id="424e28b1-4ad5-47ce-b75d-5094bf9365ef" />
      <TestMethod codeBase="C:\Users\arleth\Desktop\CTPATChecklists\CTPATChecklists.UnitTests\bin\Release\net8.0\CTPATChecklists.UnitTests.dll" adapterTypeName="executor://mstestadapter/v2" className="CTPATChecklists.UnitTests.PuntoChecklistTests" name="Regla_Completitud_17_Puntos_ConCumple_NoNull" />
    </UnitTest>
    <UnitTest name="Cumple_EsRequerido_SiEsNull_DebeFallarValidacion" storage="c:\users\arleth\desktop\ctpatchecklists\ctpatchecklists.unittests\bin\release\net8.0\ctpatchecklists.unittests.dll" id="c73b821c-b372-534c-da34-e85816da6ddc">
      <TestCategory>
        <TestCategoryItem TestCategory="Checklist" />
      </TestCategory>
      <Execution id="5a2a9d82-c44c-4a89-9498-d44cbb822220" />
      <TestMethod codeBase="C:\Users\arleth\Desktop\CTPATChecklists\CTPATChecklists.UnitTests\bin\Release\net8.0\CTPATChecklists.UnitTests.dll" adapterTypeName="executor://mstestadapter/v2" className="CTPATChecklists.UnitTests.PuntoChecklistTests" name="Cumple_EsRequerido_SiEsNull_DebeFallarValidacion" />
    </UnitTest>
    <UnitTest name="Observaciones_MaxLength_250" storage="c:\users\arleth\desktop\ctpatchecklists\ctpatchecklists.unittests\bin\release\net8.0\ctpatchecklists.unittests.dll" id="01e477a6-ad27-c956-9064-e938a8748f1e">
      <TestCategory>
        <TestCategoryItem TestCategory="Checklist" />
      </TestCategory>
      <Execution id="9939845b-4de7-4fa8-969b-0b1422f45e41" />
      <TestMethod codeBase="C:\Users\arleth\Desktop\CTPATChecklists\CTPATChecklists.UnitTests\bin\Release\net8.0\CTPATChecklists.UnitTests.dll" adapterTypeName="executor://mstestadapter/v2" className="CTPATChecklists.UnitTests.PuntoChecklistTests" name="Observaciones_MaxLength_250" />
    </UnitTest>
    <UnitTest name="Descripcion_EsRequerida_SiEsNullODefault_DebeFallarValidacion" storage="c:\users\arleth\desktop\ctpatchecklists\ctpatchecklists.unittests\bin\release\net8.0\ctpatchecklists.unittests.dll" id="2e234688-b64f-bed3-d687-e3f9b97c832a">
      <TestCategory>
        <TestCategoryItem TestCategory="Checklist" />
      </TestCategory>
      <Execution id="066f5434-1ead-4098-b13c-53c9ec62b093" />
      <TestMethod codeBase="C:\Users\arleth\Desktop\CTPATChecklists\CTPATChecklists.UnitTests\bin\Release\net8.0\CTPATChecklists.UnitTests.dll" adapterTypeName="executor://mstestadapter/v2" className="CTPATChecklists.UnitTests.PuntoChecklistTests" name="Descripcion_EsRequerida_SiEsNullODefault_DebeFallarValidacion" />
    </UnitTest>
    <UnitTest name="Debe_Tener_17_Puntos" storage="c:\users\arleth\desktop\ctpatchecklists\ctpatchecklists.unittests\bin\release\net8.0\ctpatchecklists.unittests.dll" id="1c5cb947-e230-6fd8-7bfd-8ed47e003ccf">
      <TestCategory>
        <TestCategoryItem TestCategory="Checklist" />
      </TestCategory>
      <Execution id="f771f84f-dc4b-4c97-bfb3-98dca71057ea" />
      <TestMethod codeBase="C:\Users\arleth\Desktop\CTPATChecklists\CTPATChecklists.UnitTests\bin\Release\net8.0\CTPATChecklists.UnitTests.dll" adapterTypeName="executor://mstestadapter/v2" className="CTPATChecklists.UnitTests.PuntoChecklistTests" name="Debe_Tener_17_Puntos" />
    </UnitTest>
  </TestDefinitions>
  <TestEntries>
    <TestEntry testId="be5b45e0-fab4-f41b-24f3-549f4fedd20d" executionId="424e28b1-4ad5-47ce-b75d-5094bf9365ef" testListId="8c84fa94-04c1-424b-9868-57a2d4851a1d" />
    <TestEntry testId="2e234688-b64f-bed3-d687-e3f9b97c832a" executionId="066f5434-1ead-4098-b13c-53c9ec62b093" testListId="8c84fa94-04c1-424b-9868-57a2d4851a1d" />
    <TestEntry testId="2f59a9aa-f95e-88d2-e6bc-2876a9341ead" executionId="ec222d09-01ad-4975-a31c-a4ae65359169" testListId="8c84fa94-04c1-424b-9868-57a2d4851a1d" />
    <TestEntry testId="01e477a6-ad27-c956-9064-e938a8748f1e" executionId="9939845b-4de7-4fa8-969b-0b1422f45e41" testListId="8c84fa94-04c1-424b-9868-57a2d4851a1d" />
    <TestEntry testId="c73b821c-b372-534c-da34-e85816da6ddc" executionId="5a2a9d82-c44c-4a89-9498-d44cbb822220" testListId="8c84fa94-04c1-424b-9868-57a2d4851a1d" />
    <TestEntry testId="1c5cb947-e230-6fd8-7bfd-8ed47e003ccf" executionId="f771f84f-dc4b-4c97-bfb3-98dca71057ea" testListId="8c84fa94-04c1-424b-9868-57a2d4851a1d" />
  </TestEntries>
  <TestLists>
    <TestList name="Results Not in a List" id="8c84fa94-04c1-424b-9868-57a2d4851a1d" />
    <TestList name="All Loaded Results" id="19431567-8539-422a-85d7-44ee4e166bda" />
  </TestLists>
  <ResultSummary outcome="Completed">
    <Counters total="6" executed="6" passed="6" failed="0" error="0" timeout="0" aborted="0" inconclusive="0" passedButRunAborted="0" notRunnable="0" notExecuted="0" disconnected="0" warning="0" completed="0" inProgress="0" pending="0" />
    <Output>
      <StdOut>Test Parallelization enabled for C:\Users\arleth\Desktop\CTPATChecklists\CTPATChecklists.UnitTests\bin\Release\net8.0\CTPATChecklists.UnitTests.dll (Workers: 16, Scope: MethodLevel)&#xD;
</StdOut>
    </Output>
    <CollectorDataEntries>
      <Collector agentName="MSI" uri="datacollector://microsoft/CoverletCodeCoverage/1.0" collectorDisplayName="XPlat code coverage">
        <UriAttachments>
          <UriAttachment>
            <A href="MSI\coverage.cobertura.xml"></A>
          </UriAttachment>
        </UriAttachments>
      </Collector>
    </CollectorDataEntries>
  </ResultSummary>
</TestRun>