<?xml version="1.0" encoding="utf-8"?>
<TestRun id="3db6f47e-c7ee-4549-b30c-42913f9a8c5c" name="arleth@MSI 2025-09-25 23:37:29" runUser="MSI\arleth" xmlns="http://microsoft.com/schemas/VisualStudio/TeamTest/2010">
  <Times creation="2025-09-25T23:37:29.1088396-06:00" queuing="2025-09-25T23:37:29.1088399-06:00" start="2025-09-25T23:37:24.1308175-06:00" finish="2025-09-25T23:37:29.1177484-06:00" />
  <TestSettings name="default" id="549766e8-468c-4a40-8957-ad69e3df10ba">
    <Deployment runDeploymentRoot="arleth_MSI_2025-09-25_23_37_29" />
  </TestSettings>
  <Results>
    <UnitTestResult executionId="c05d6c29-7872-48bc-9acc-c6f7b3b3f0a7" testId="be5b45e0-fab4-f41b-24f3-549f4fedd20d" testName="Regla_Completitud_17_Puntos_ConCumple_NoNull" computerName="MSI" duration="00:00:01.1965382" startTime="2025-09-25T23:37:27.5468448-06:00" endTime="2025-09-25T23:37:28.7657804-06:00" testType="13cdc9d9-ddb5-4fa4-a97d-d965ccfc6d4b" outcome="Passed" testListId="8c84fa94-04c1-424b-9868-57a2d4851a1d" relativeResultsDirectory="c05d6c29-7872-48bc-9acc-c6f7b3b3f0a7" />
    <UnitTestResult executionId="139e0fc3-8870-4a77-af59-0902a3dc274d" testId="c73b821c-b372-534c-da34-e85816da6ddc" testName="Cumple_EsRequerido_SiEsNull_DebeFallarValidacion" computerName="MSI" duration="00:00:01.1988228" startTime="2025-09-25T23:37:27.5450710-06:00" endTime="2025-09-25T23:37:28.7657680-06:00" testType="13cdc9d9-ddb5-4fa4-a97d-d965ccfc6d4b" outcome="Passed" testListId="8c84fa94-04c1-424b-9868-57a2d4851a1d" relativeResultsDirectory="139e0fc3-8870-4a77-af59-0902a3dc274d" />
    <UnitTestResult executionId="2bc8cf1b-1932-465c-815e-b3d30de9ec70" testId="2e234688-b64f-bed3-d687-e3f9b97c832a" testName="Descripcion_EsRequerida_SiEsNullODefault_DebeFallarValidacion" computerName="MSI" duration="00:00:01.1987985" startTime="2025-09-25T23:37:27.5461693-06:00" endTime="2025-09-25T23:37:28.7656984-06:00" testType="13cdc9d9-ddb5-4fa4-a97d-d965ccfc6d4b" outcome="Passed" testListId="8c84fa94-04c1-424b-9868-57a2d4851a1d" relativeResultsDirectory="2bc8cf1b-1932-465c-815e-b3d30de9ec70" />
    <UnitTestResult executionId="212c7f65-88da-4d6d-a91e-4b3e7775fbdf" testId="1c5cb947-e230-6fd8-7bfd-8ed47e003ccf" testName="Debe_Tener_17_Puntos" computerName="MSI" duration="00:00:01.1965483" startTime="2025-09-25T23:37:27.5458519-06:00" endTime="2025-09-25T23:37:28.7656960-06:00" testType="13cdc9d9-ddb5-4fa4-a97d-d965ccfc6d4b" outcome="Passed" testListId="8c84fa94-04c1-424b-9868-57a2d4851a1d" relativeResultsDirectory="212c7f65-88da-4d6d-a91e-4b3e7775fbdf" />
    <UnitTestResult executionId="dd27df4f-bba0-45f9-a24a-525df0de67fe" testId="01e477a6-ad27-c956-9064-e938a8748f1e" testName="Observaciones_MaxLength_250" computerName="MSI" duration="00:00:01.1988101" startTime="2025-09-25T23:37:27.5465765-06:00" endTime="2025-09-25T23:37:28.7657660-06:00" testType="13cdc9d9-ddb5-4fa4-a97d-d965ccfc6d4b" outcome="Passed" testListId="8c84fa94-04c1-424b-9868-57a2d4851a1d" relativeResultsDirectory="dd27df4f-bba0-45f9-a24a-525df0de67fe" />
    <UnitTestResult executionId="f1546340-0b94-41b7-bf36-3ccbd5798538" testId="2f59a9aa-f95e-88d2-e6bc-2876a9341ead" testName="FotoRuta_MaxLength_300" computerName="MSI" duration="00:00:01.1988014" startTime="2025-09-25T23:37:27.5455911-06:00" endTime="2025-09-25T23:37:28.7657040-06:00" testType="13cdc9d9-ddb5-4fa4-a97d-d965ccfc6d4b" outcome="Passed" testListId="8c84fa94-04c1-424b-9868-57a2d4851a1d" relativeResultsDirectory="f1546340-0b94-41b7-bf36-3ccbd5798538" />
  </Results>
  <TestDefinitions>
    <UnitTest name="FotoRuta_MaxLength_300" storage="c:\users\arleth\desktop\ctpatchecklists\ctpatchecklists.unittests\bin\release\net8.0\ctpatchecklists.unittests.dll" id="2f59a9aa-f95e-88d2-e6bc-2876a9341ead">
      <TestCategory>
        <TestCategoryItem TestCategory="Checklist" />
      </TestCategory>
      <Execution id="f1546340-0b94-41b7-bf36-3ccbd5798538" />
      <TestMethod codeBase="C:\Users\arleth\Desktop\CTPATChecklists\CTPATChecklists.UnitTests\bin\Release\net8.0\CTPATChecklists.UnitTests.dll" adapterTypeName="executor://mstestadapter/v2" className="CTPATChecklists.UnitTests.PuntoChecklistTests" name="FotoRuta_MaxLength_300" />
    </UnitTest>
    <UnitTest name="Regla_Completitud_17_Puntos_ConCumple_NoNull" storage="c:\users\arleth\desktop\ctpatchecklists\ctpatchecklists.unittests\bin\release\net8.0\ctpatchecklists.unittests.dll" id="be5b45e0-fab4-f41b-24f3-549f4fedd20d">
      <TestCategory>
        <TestCategoryItem TestCategory="Checklist" />
      </TestCategory>
      <Execution id="c05d6c29-7872-48bc-9acc-c6f7b3b3f0a7" />
      <TestMethod codeBase="C:\Users\arleth\Desktop\CTPATChecklists\CTPATChecklists.UnitTests\bin\Release\net8.0\CTPATChecklists.UnitTests.dll" adapterTypeName="executor://mstestadapter/v2" className="CTPATChecklists.UnitTests.PuntoChecklistTests" name="Regla_Completitud_17_Puntos_ConCumple_NoNull" />
    </UnitTest>
    <UnitTest name="Cumple_EsRequerido_SiEsNull_DebeFallarValidacion" storage="c:\users\arleth\desktop\ctpatchecklists\ctpatchecklists.unittests\bin\release\net8.0\ctpatchecklists.unittests.dll" id="c73b821c-b372-534c-da34-e85816da6ddc">
      <TestCategory>
        <TestCategoryItem TestCategory="Checklist" />
      </TestCategory>
      <Execution id="139e0fc3-8870-4a77-af59-0902a3dc274d" />
      <TestMethod codeBase="C:\Users\arleth\Desktop\CTPATChecklists\CTPATChecklists.UnitTests\bin\Release\net8.0\CTPATChecklists.UnitTests.dll" adapterTypeName="executor://mstestadapter/v2" className="CTPATChecklists.UnitTests.PuntoChecklistTests" name="Cumple_EsRequerido_SiEsNull_DebeFallarValidacion" />
    </UnitTest>
    <UnitTest name="Observaciones_MaxLength_250" storage="c:\users\arleth\desktop\ctpatchecklists\ctpatchecklists.unittests\bin\release\net8.0\ctpatchecklists.unittests.dll" id="01e477a6-ad27-c956-9064-e938a8748f1e">
      <TestCategory>
        <TestCategoryItem TestCategory="Checklist" />
      </TestCategory>
      <Execution id="dd27df4f-bba0-45f9-a24a-525df0de67fe" />
      <TestMethod codeBase="C:\Users\arleth\Desktop\CTPATChecklists\CTPATChecklists.UnitTests\bin\Release\net8.0\CTPATChecklists.UnitTests.dll" adapterTypeName="executor://mstestadapter/v2" className="CTPATChecklists.UnitTests.PuntoChecklistTests" name="Observaciones_MaxLength_250" />
    </UnitTest>
    <UnitTest name="Descripcion_EsRequerida_SiEsNullODefault_DebeFallarValidacion" storage="c:\users\arleth\desktop\ctpatchecklists\ctpatchecklists.unittests\bin\release\net8.0\ctpatchecklists.unittests.dll" id="2e234688-b64f-bed3-d687-e3f9b97c832a">
      <TestCategory>
        <TestCategoryItem TestCategory="Checklist" />
      </TestCategory>
      <Execution id="2bc8cf1b-1932-465c-815e-b3d30de9ec70" />
      <TestMethod codeBase="C:\Users\arleth\Desktop\CTPATChecklists\CTPATChecklists.UnitTests\bin\Release\net8.0\CTPATChecklists.UnitTests.dll" adapterTypeName="executor://mstestadapter/v2" className="CTPATChecklists.UnitTests.PuntoChecklistTests" name="Descripcion_EsRequerida_SiEsNullODefault_DebeFallarValidacion" />
    </UnitTest>
    <UnitTest name="Debe_Tener_17_Puntos" storage="c:\users\arleth\desktop\ctpatchecklists\ctpatchecklists.unittests\bin\release\net8.0\ctpatchecklists.unittests.dll" id="1c5cb947-e230-6fd8-7bfd-8ed47e003ccf">
      <TestCategory>
        <TestCategoryItem TestCategory="Checklist" />
      </TestCategory>
      <Execution id="212c7f65-88da-4d6d-a91e-4b3e7775fbdf" />
      <TestMethod codeBase="C:\Users\arleth\Desktop\CTPATChecklists\CTPATChecklists.UnitTests\bin\Release\net8.0\CTPATChecklists.UnitTests.dll" adapterTypeName="executor://mstestadapter/v2" className="CTPATChecklists.UnitTests.PuntoChecklistTests" name="Debe_Tener_17_Puntos" />
    </UnitTest>
  </TestDefinitions>
  <TestEntries>
    <TestEntry testId="be5b45e0-fab4-f41b-24f3-549f4fedd20d" executionId="c05d6c29-7872-48bc-9acc-c6f7b3b3f0a7" testListId="8c84fa94-04c1-424b-9868-57a2d4851a1d" />
    <TestEntry testId="c73b821c-b372-534c-da34-e85816da6ddc" executionId="139e0fc3-8870-4a77-af59-0902a3dc274d" testListId="8c84fa94-04c1-424b-9868-57a2d4851a1d" />
    <TestEntry testId="2e234688-b64f-bed3-d687-e3f9b97c832a" executionId="2bc8cf1b-1932-465c-815e-b3d30de9ec70" testListId="8c84fa94-04c1-424b-9868-57a2d4851a1d" />
    <TestEntry testId="1c5cb947-e230-6fd8-7bfd-8ed47e003ccf" executionId="212c7f65-88da-4d6d-a91e-4b3e7775fbdf" testListId="8c84fa94-04c1-424b-9868-57a2d4851a1d" />
    <TestEntry testId="01e477a6-ad27-c956-9064-e938a8748f1e" executionId="dd27df4f-bba0-45f9-a24a-525df0de67fe" testListId="8c84fa94-04c1-424b-9868-57a2d4851a1d" />
    <TestEntry testId="2f59a9aa-f95e-88d2-e6bc-2876a9341ead" executionId="f1546340-0b94-41b7-bf36-3ccbd5798538" testListId="8c84fa94-04c1-424b-9868-57a2d4851a1d" />
  </TestEntries>
  <TestLists>
    <TestList name="Results Not in a List" id="8c84fa94-04c1-424b-9868-57a2d4851a1d" />
    <TestList name="All Loaded Results" id="19431567-8539-422a-85d7-44ee4e166bda" />
  </TestLists>
  <ResultSummary outcome="Completed">
    <Counters total="6" executed="6" passed="6" failed="0" error="0" timeout="0" aborted="0" inconclusive="0" passedButRunAborted="0" notRunnable="0" notExecuted="0" disconnected="0" warning="0" completed="0" inProgress="0" pending="0" />
    <Output>
      <StdOut>Test Parallelization enabled for C:\Users\arleth\Desktop\CTPATChecklists\CTPATChecklists.UnitTests\bin\Release\net8.0\CTPATChecklists.UnitTests.dll (Workers: 16, Scope: MethodLevel)&#xD;
</StdOut>
    </Output>
    <CollectorDataEntries>
      <Collector agentName="MSI" uri="datacollector://microsoft/CoverletCodeCoverage/1.0" collectorDisplayName="XPlat code coverage">
        <UriAttachments>
          <UriAttachment>
            <A href="MSI\coverage.cobertura.xml"></A>
          </UriAttachment>
        </UriAttachments>
      </Collector>
    </CollectorDataEntries>
  </ResultSummary>
</TestRun>