<?xml version="1.0" encoding="utf-8"?>
<TestRun id="ae318fbb-5603-4ad0-9c48-d39c8be240a5" name="arleth@MSI 2025-09-25 21:57:24" runUser="MSI\arleth" xmlns="http://microsoft.com/schemas/VisualStudio/TeamTest/2010">
  <Times creation="2025-09-25T21:57:24.5981350-06:00" queuing="2025-09-25T21:57:24.5981353-06:00" start="2025-09-25T21:57:19.2914139-06:00" finish="2025-09-25T21:57:24.6081638-06:00" />
  <TestSettings name="default" id="f1a305cb-80c9-4ec1-a513-bd3d95acd82c">
    <Deployment runDeploymentRoot="arleth_MSI_2025-09-25_21_57_24" />
  </TestSettings>
  <Results>
    <UnitTestResult executionId="873dacff-7445-45ed-b73a-f5eaac9e1346" testId="be5b45e0-fab4-f41b-24f3-549f4fedd20d" testName="Regla_Completitud_17_Puntos_ConCumple_NoNull" computerName="MSI" duration="00:00:01.3699389" startTime="2025-09-25T21:57:22.8892761-06:00" endTime="2025-09-25T21:57:24.2818609-06:00" testType="13cdc9d9-ddb5-4fa4-a97d-d965ccfc6d4b" outcome="Passed" testListId="8c84fa94-04c1-424b-9868-57a2d4851a1d" relativeResultsDirectory="873dacff-7445-45ed-b73a-f5eaac9e1346" />
    <UnitTestResult executionId="564570c1-fd40-4c33-a00b-7b5f036da024" testId="2f59a9aa-f95e-88d2-e6bc-2876a9341ead" testName="FotoRuta_MaxLength_300" computerName="MSI" duration="00:00:01.3735293" startTime="2025-09-25T21:57:22.8884744-06:00" endTime="2025-09-25T21:57:24.2826368-06:00" testType="13cdc9d9-ddb5-4fa4-a97d-d965ccfc6d4b" outcome="Passed" testListId="8c84fa94-04c1-424b-9868-57a2d4851a1d" relativeResultsDirectory="564570c1-fd40-4c33-a00b-7b5f036da024" />
    <UnitTestResult executionId="5fa69fd6-4ef7-4d17-9540-d0e3b13727a9" testId="c73b821c-b372-534c-da34-e85816da6ddc" testName="Cumple_EsRequerido_SiEsNull_DebeFallarValidacion" computerName="MSI" duration="00:00:01.3732005" startTime="2025-09-25T21:57:22.8879303-06:00" endTime="2025-09-25T21:57:24.2818775-06:00" testType="13cdc9d9-ddb5-4fa4-a97d-d965ccfc6d4b" outcome="Passed" testListId="8c84fa94-04c1-424b-9868-57a2d4851a1d" relativeResultsDirectory="5fa69fd6-4ef7-4d17-9540-d0e3b13727a9" />
    <UnitTestResult executionId="86da8b99-6ce6-4e08-a386-b071747f6ac5" testId="2e234688-b64f-bed3-d687-e3f9b97c832a" testName="Descripcion_EsRequerida_SiEsNullODefault_DebeFallarValidacion" computerName="MSI" duration="00:00:01.3735494" startTime="2025-09-25T21:57:22.8889104-06:00" endTime="2025-09-25T21:57:24.2819053-06:00" testType="13cdc9d9-ddb5-4fa4-a97d-d965ccfc6d4b" outcome="Passed" testListId="8c84fa94-04c1-424b-9868-57a2d4851a1d" relativeResultsDirectory="86da8b99-6ce6-4e08-a386-b071747f6ac5" />
    <UnitTestResult executionId="219854b9-d12b-47c2-9b27-8b960ca2cfdd" testId="1c5cb947-e230-6fd8-7bfd-8ed47e003ccf" testName="Debe_Tener_17_Puntos" computerName="MSI" duration="00:00:01.3699862" startTime="2025-09-25T21:57:22.8875448-06:00" endTime="2025-09-25T21:57:24.2818695-06:00" testType="13cdc9d9-ddb5-4fa4-a97d-d965ccfc6d4b" outcome="Passed" testListId="8c84fa94-04c1-424b-9868-57a2d4851a1d" relativeResultsDirectory="219854b9-d12b-47c2-9b27-8b960ca2cfdd" />
    <UnitTestResult executionId="a4c6cd5e-c434-425e-a972-464f6257bbe1" testId="01e477a6-ad27-c956-9064-e938a8748f1e" testName="Observaciones_MaxLength_250" computerName="MSI" duration="00:00:01.3733819" startTime="2025-09-25T21:57:22.8881711-06:00" endTime="2025-09-25T21:57:24.2818961-06:00" testType="13cdc9d9-ddb5-4fa4-a97d-d965ccfc6d4b" outcome="Passed" testListId="8c84fa94-04c1-424b-9868-57a2d4851a1d" relativeResultsDirectory="a4c6cd5e-c434-425e-a972-464f6257bbe1" />
  </Results>
  <TestDefinitions>
    <UnitTest name="FotoRuta_MaxLength_300" storage="c:\users\arleth\desktop\ctpatchecklists\ctpatchecklists.unittests\bin\release\net8.0\ctpatchecklists.unittests.dll" id="2f59a9aa-f95e-88d2-e6bc-2876a9341ead">
      <TestCategory>
        <TestCategoryItem TestCategory="Checklist" />
      </TestCategory>
      <Execution id="564570c1-fd40-4c33-a00b-7b5f036da024" />
      <TestMethod codeBase="C:\Users\arleth\Desktop\CTPATChecklists\CTPATChecklists.UnitTests\bin\Release\net8.0\CTPATChecklists.UnitTests.dll" adapterTypeName="executor://mstestadapter/v2" className="CTPATChecklists.UnitTests.PuntoChecklistTests" name="FotoRuta_MaxLength_300" />
    </UnitTest>
    <UnitTest name="Regla_Completitud_17_Puntos_ConCumple_NoNull" storage="c:\users\arleth\desktop\ctpatchecklists\ctpatchecklists.unittests\bin\release\net8.0\ctpatchecklists.unittests.dll" id="be5b45e0-fab4-f41b-24f3-549f4fedd20d">
      <TestCategory>
        <TestCategoryItem TestCategory="Checklist" />
      </TestCategory>
      <Execution id="873dacff-7445-45ed-b73a-f5eaac9e1346" />
      <TestMethod codeBase="C:\Users\arleth\Desktop\CTPATChecklists\CTPATChecklists.UnitTests\bin\Release\net8.0\CTPATChecklists.UnitTests.dll" adapterTypeName="executor://mstestadapter/v2" className="CTPATChecklists.UnitTests.PuntoChecklistTests" name="Regla_Completitud_17_Puntos_ConCumple_NoNull" />
    </UnitTest>
    <UnitTest name="Cumple_EsRequerido_SiEsNull_DebeFallarValidacion" storage="c:\users\arleth\desktop\ctpatchecklists\ctpatchecklists.unittests\bin\release\net8.0\ctpatchecklists.unittests.dll" id="c73b821c-b372-534c-da34-e85816da6ddc">
      <TestCategory>
        <TestCategoryItem TestCategory="Checklist" />
      </TestCategory>
      <Execution id="5fa69fd6-4ef7-4d17-9540-d0e3b13727a9" />
      <TestMethod codeBase="C:\Users\arleth\Desktop\CTPATChecklists\CTPATChecklists.UnitTests\bin\Release\net8.0\CTPATChecklists.UnitTests.dll" adapterTypeName="executor://mstestadapter/v2" className="CTPATChecklists.UnitTests.PuntoChecklistTests" name="Cumple_EsRequerido_SiEsNull_DebeFallarValidacion" />
    </UnitTest>
    <UnitTest name="Observaciones_MaxLength_250" storage="c:\users\arleth\desktop\ctpatchecklists\ctpatchecklists.unittests\bin\release\net8.0\ctpatchecklists.unittests.dll" id="01e477a6-ad27-c956-9064-e938a8748f1e">
      <TestCategory>
        <TestCategoryItem TestCategory="Checklist" />
      </TestCategory>
      <Execution id="a4c6cd5e-c434-425e-a972-464f6257bbe1" />
      <TestMethod codeBase="C:\Users\arleth\Desktop\CTPATChecklists\CTPATChecklists.UnitTests\bin\Release\net8.0\CTPATChecklists.UnitTests.dll" adapterTypeName="executor://mstestadapter/v2" className="CTPATChecklists.UnitTests.PuntoChecklistTests" name="Observaciones_MaxLength_250" />
    </UnitTest>
    <UnitTest name="Descripcion_EsRequerida_SiEsNullODefault_DebeFallarValidacion" storage="c:\users\arleth\desktop\ctpatchecklists\ctpatchecklists.unittests\bin\release\net8.0\ctpatchecklists.unittests.dll" id="2e234688-b64f-bed3-d687-e3f9b97c832a">
      <TestCategory>
        <TestCategoryItem TestCategory="Checklist" />
      </TestCategory>
      <Execution id="86da8b99-6ce6-4e08-a386-b071747f6ac5" />
      <TestMethod codeBase="C:\Users\arleth\Desktop\CTPATChecklists\CTPATChecklists.UnitTests\bin\Release\net8.0\CTPATChecklists.UnitTests.dll" adapterTypeName="executor://mstestadapter/v2" className="CTPATChecklists.UnitTests.PuntoChecklistTests" name="Descripcion_EsRequerida_SiEsNullODefault_DebeFallarValidacion" />
    </UnitTest>
    <UnitTest name="Debe_Tener_17_Puntos" storage="c:\users\arleth\desktop\ctpatchecklists\ctpatchecklists.unittests\bin\release\net8.0\ctpatchecklists.unittests.dll" id="1c5cb947-e230-6fd8-7bfd-8ed47e003ccf">
      <TestCategory>
        <TestCategoryItem TestCategory="Checklist" />
      </TestCategory>
      <Execution id="219854b9-d12b-47c2-9b27-8b960ca2cfdd" />
      <TestMethod codeBase="C:\Users\arleth\Desktop\CTPATChecklists\CTPATChecklists.UnitTests\bin\Release\net8.0\CTPATChecklists.UnitTests.dll" adapterTypeName="executor://mstestadapter/v2" className="CTPATChecklists.UnitTests.PuntoChecklistTests" name="Debe_Tener_17_Puntos" />
    </UnitTest>
  </TestDefinitions>
  <TestEntries>
    <TestEntry testId="be5b45e0-fab4-f41b-24f3-549f4fedd20d" executionId="873dacff-7445-45ed-b73a-f5eaac9e1346" testListId="8c84fa94-04c1-424b-9868-57a2d4851a1d" />
    <TestEntry testId="2f59a9aa-f95e-88d2-e6bc-2876a9341ead" executionId="564570c1-fd40-4c33-a00b-7b5f036da024" testListId="8c84fa94-04c1-424b-9868-57a2d4851a1d" />
    <TestEntry testId="c73b821c-b372-534c-da34-e85816da6ddc" executionId="5fa69fd6-4ef7-4d17-9540-d0e3b13727a9" testListId="8c84fa94-04c1-424b-9868-57a2d4851a1d" />
    <TestEntry testId="2e234688-b64f-bed3-d687-e3f9b97c832a" executionId="86da8b99-6ce6-4e08-a386-b071747f6ac5" testListId="8c84fa94-04c1-424b-9868-57a2d4851a1d" />
    <TestEntry testId="1c5cb947-e230-6fd8-7bfd-8ed47e003ccf" executionId="219854b9-d12b-47c2-9b27-8b960ca2cfdd" testListId="8c84fa94-04c1-424b-9868-57a2d4851a1d" />
    <TestEntry testId="01e477a6-ad27-c956-9064-e938a8748f1e" executionId="a4c6cd5e-c434-425e-a972-464f6257bbe1" testListId="8c84fa94-04c1-424b-9868-57a2d4851a1d" />
  </TestEntries>
  <TestLists>
    <TestList name="Results Not in a List" id="8c84fa94-04c1-424b-9868-57a2d4851a1d" />
    <TestList name="All Loaded Results" id="19431567-8539-422a-85d7-44ee4e166bda" />
  </TestLists>
  <ResultSummary outcome="Completed">
    <Counters total="6" executed="6" passed="6" failed="0" error="0" timeout="0" aborted="0" inconclusive="0" passedButRunAborted="0" notRunnable="0" notExecuted="0" disconnected="0" warning="0" completed="0" inProgress="0" pending="0" />
    <Output>
      <StdOut>Test Parallelization enabled for C:\Users\arleth\Desktop\CTPATChecklists\CTPATChecklists.UnitTests\bin\Release\net8.0\CTPATChecklists.UnitTests.dll (Workers: 16, Scope: MethodLevel)&#xD;
</StdOut>
    </Output>
    <CollectorDataEntries>
      <Collector agentName="MSI" uri="datacollector://microsoft/CoverletCodeCoverage/1.0" collectorDisplayName="XPlat code coverage">
        <UriAttachments>
          <UriAttachment>
            <A href="MSI\coverage.cobertura.xml"></A>
          </UriAttachment>
        </UriAttachments>
      </Collector>
    </CollectorDataEntries>
  </ResultSummary>
</TestRun>