<?xml version="1.0" encoding="utf-8"?>
<TestRun id="6113970d-5221-42b7-a5a3-e42022df86c8" name="arleth@MSI 2025-09-25 23:37:34" runUser="MSI\arleth" xmlns="http://microsoft.com/schemas/VisualStudio/TeamTest/2010">
  <Times creation="2025-09-25T23:37:34.4878989-06:00" queuing="2025-09-25T23:37:34.4878991-06:00" start="2025-09-25T23:37:33.5550551-06:00" finish="2025-09-25T23:37:34.4916024-06:00" />
  <TestSettings name="default" id="34f6923a-0cff-4507-ab3a-f0029e2ae548">
    <Deployment runDeploymentRoot="arleth_MSI_2025-09-25_23_37_34" />
  </TestSettings>
  <Results>
    <UnitTestResult executionId="686d3f2e-3a1d-41d3-99ef-1f60dba641e6" testId="250dc52d-0185-65c5-acc4-a9e29e5c1639" testName="TestMethod1" computerName="MSI" duration="00:00:00.0019319" startTime="2025-09-25T23:37:34.2397817-06:00" endTime="2025-09-25T23:37:34.2573281-06:00" testType="13cdc9d9-ddb5-4fa4-a97d-d965ccfc6d4b" outcome="Passed" testListId="8c84fa94-04c1-424b-9868-57a2d4851a1d" relativeResultsDirectory="686d3f2e-3a1d-41d3-99ef-1f60dba641e6" />
  </Results>
  <TestDefinitions>
    <UnitTest name="TestMethod1" storage="c:\users\arleth\desktop\ctpatchecklists\integrationtests\bin\release\net8.0\integrationtests.dll" id="250dc52d-0185-65c5-acc4-a9e29e5c1639">
      <Execution id="686d3f2e-3a1d-41d3-99ef-1f60dba641e6" />
      <TestMethod codeBase="C:\Users\arleth\Desktop\CTPATChecklists\IntegrationTests\bin\Release\net8.0\IntegrationTests.dll" adapterTypeName="executor://mstestadapter/v2" className="IntegrationTests.Test1" name="TestMethod1" />
    </UnitTest>
  </TestDefinitions>
  <TestEntries>
    <TestEntry testId="250dc52d-0185-65c5-acc4-a9e29e5c1639" executionId="686d3f2e-3a1d-41d3-99ef-1f60dba641e6" testListId="8c84fa94-04c1-424b-9868-57a2d4851a1d" />
  </TestEntries>
  <TestLists>
    <TestList name="Results Not in a List" id="8c84fa94-04c1-424b-9868-57a2d4851a1d" />
    <TestList name="All Loaded Results" id="19431567-8539-422a-85d7-44ee4e166bda" />
  </TestLists>
  <ResultSummary outcome="Completed">
    <Counters total="1" executed="1" passed="1" failed="0" error="0" timeout="0" aborted="0" inconclusive="0" passedButRunAborted="0" notRunnable="0" notExecuted="0" disconnected="0" warning="0" completed="0" inProgress="0" pending="0" />
    <Output>
      <StdOut>Test Parallelization enabled for C:\Users\arleth\Desktop\CTPATChecklists\IntegrationTests\bin\Release\net8.0\IntegrationTests.dll (Workers: 16, Scope: MethodLevel)&#xD;
</StdOut>
    </Output>
    <CollectorDataEntries>
      <Collector agentName="MSI" uri="datacollector://microsoft/CoverletCodeCoverage/1.0" collectorDisplayName="XPlat code coverage">
        <UriAttachments>
          <UriAttachment>
            <A href="MSI\coverage.cobertura.xml"></A>
          </UriAttachment>
        </UriAttachments>
      </Collector>
    </CollectorDataEntries>
  </ResultSummary>
</TestRun>